<?xml version="1.0" encoding="UTF-8"?>
<testng-results skipped="0" failed="0" ignored="0" total="1" passed="1">
  <reporter-output>
  </reporter-output>
  <suite name="Default suite" duration-ms="554" started-at="2017-08-12T14:08:28Z" finished-at="2017-08-12T14:08:29Z">
    <groups>
    </groups>
    <test name="Default test" duration-ms="554" started-at="2017-08-12T14:08:28Z" finished-at="2017-08-12T14:08:29Z">
      <class name="testng.FirstClass">
        <test-method status="PASS" signature="f()[pri:0, instance:testng.FirstClass@26be92ad]" name="f" duration-ms="131" started-at="2017-08-12T09:08:29Z" finished-at="2017-08-12T09:08:29Z">
          <reporter-output>
          </reporter-output>
        </test-method> <!-- f -->
      </class> <!-- testng.FirstClass -->
    </test> <!-- Default test -->
  </suite> <!-- Default suite -->
</testng-results>
